<?xml version="1.0" encoding="UTF-8"?>
<!-- Generated by org.testng.reporters.JUnitXMLReporter -->
<testsuite hostname="NYCxaxSKashem" ignored="0" name="Chrome Test" tests="1" failures="1" timestamp="21 May 2018 03:25:12 GMT" time="0.465" errors="0">
  <testcase name="GoogleSearchResult" time="0.437" classname="Bing_Test_Cases.TC1_Google_Search_Result">
    <failure type="java.lang.NullPointerException">
      <![CDATA[java.lang.NullPointerException
at com.google.common.base.Preconditions.checkNotNull(Preconditions.java:787)
at org.openqa.selenium.support.ui.FluentWait.<init>(FluentWait.java:96)
at org.openqa.selenium.support.ui.WebDriverWait.<init>(WebDriverWait.java:72)
at org.openqa.selenium.support.ui.WebDriverWait.<init>(WebDriverWait.java:46)
at PageObjectModal.Bing.Bing_Homepage.bingSearchField(Bing_Homepage.java:38)
at Bing_Test_Cases.TC1_Google_Search_Result.GoogleSearchResult(TC1_Google_Search_Result.java:18)
... Removed 24 stack frames]]>
    </failure>
  </testcase> <!-- GoogleSearchResult -->
</testsuite> <!-- Chrome Test -->
