<?xml version="1.0" encoding="UTF-8"?>
<testng-results skipped="0" failed="0" ignored="0" total="1" passed="1">
  <reporter-output>
  </reporter-output>
  <suite name="Automation Suite" duration-ms="29635" started-at="2018-05-26T06:34:02Z" finished-at="2018-05-26T06:34:32Z">
    <groups>
    </groups>
    <test name="Chrome Test" duration-ms="29635" started-at="2018-05-26T06:34:02Z" finished-at="2018-05-26T06:34:32Z">
      <class name="day14_05262018.fedEx_Print">
        <test-method status="PASS" signature="defineBrowser(java.lang.String)[pri:0, instance:day14_05262018.fedEx_Print@4fe3c938]" name="defineBrowser" is-config="true" duration-ms="4170" started-at="2018-05-26T06:33:58Z" finished-at="2018-05-26T06:34:02Z">
          <params>
            <param index="0">
              <value>
                <![CDATA[chrome]]>
              </value>
            </param>
          </params>
          <reporter-output>
          </reporter-output>
        </test-method> <!-- defineBrowser -->
        <test-method status="PASS" signature="methodName(java.lang.reflect.Method)[pri:0, instance:day14_05262018.fedEx_Print@4fe3c938]" name="methodName" is-config="true" duration-ms="15" started-at="2018-05-26T06:34:02Z" finished-at="2018-05-26T06:34:02Z">
          <params>
            <param index="0">
              <value>
                <![CDATA[public void day14_05262018.fedEx_Print.fedExPrint() throws java.io.IOException,java.lang.InterruptedException,java.awt.AWTException]]>
              </value>
            </param>
          </params>
          <reporter-output>
          </reporter-output>
        </test-method> <!-- methodName -->
        <test-method status="PASS" signature="fedExPrint()[pri:0, instance:day14_05262018.fedEx_Print@4fe3c938]" name="fedExPrint" duration-ms="29564" started-at="2018-05-26T06:34:02Z" finished-at="2018-05-26T06:34:32Z">
          <reporter-output>
          </reporter-output>
        </test-method> <!-- fedExPrint -->
        <test-method status="PASS" signature="endTest()[pri:0, instance:day14_05262018.fedEx_Print@4fe3c938]" name="endTest" is-config="true" duration-ms="34" started-at="2018-05-26T06:34:32Z" finished-at="2018-05-26T06:34:32Z">
          <reporter-output>
          </reporter-output>
        </test-method> <!-- endTest -->
        <test-method status="PASS" signature="endSuite()[pri:0, instance:day14_05262018.fedEx_Print@4fe3c938]" name="endSuite" is-config="true" duration-ms="737" started-at="2018-05-26T06:34:32Z" finished-at="2018-05-26T06:34:33Z">
          <reporter-output>
          </reporter-output>
        </test-method> <!-- endSuite -->
      </class> <!-- day14_05262018.fedEx_Print -->
    </test> <!-- Chrome Test -->
  </suite> <!-- Automation Suite -->
</testng-results>
