<?xml version="1.0" encoding="UTF-8"?>
<testng-results skipped="0" failed="1" ignored="0" total="1" passed="0">
  <reporter-output>
  </reporter-output>
  <suite name="Automation Suite" duration-ms="465" started-at="2018-05-21T03:25:12Z" finished-at="2018-05-21T03:25:12Z">
    <groups>
    </groups>
    <test name="Chrome Test" duration-ms="465" started-at="2018-05-21T03:25:12Z" finished-at="2018-05-21T03:25:12Z">
      <class name="Bing_Test_Cases.TC1_Google_Search_Result">
        <test-method status="PASS" signature="defineBrowser(java.lang.String)[pri:0, instance:Bing_Test_Cases.TC1_Google_Search_Result@5383967b]" name="defineBrowser" is-config="true" duration-ms="3814" started-at="2018-05-21T03:25:08Z" finished-at="2018-05-21T03:25:12Z">
          <params>
            <param index="0">
              <value>
                <![CDATA[chrome]]>
              </value>
            </param>
          </params>
          <reporter-output>
          </reporter-output>
        </test-method> <!-- defineBrowser -->
        <test-method status="PASS" signature="methodName(java.lang.reflect.Method)[pri:0, instance:Bing_Test_Cases.TC1_Google_Search_Result@5383967b]" name="methodName" is-config="true" duration-ms="5" started-at="2018-05-21T03:25:12Z" finished-at="2018-05-21T03:25:12Z">
          <params>
            <param index="0">
              <value>
                <![CDATA[public void Bing_Test_Cases.TC1_Google_Search_Result.GoogleSearchResult() throws java.io.IOException]]>
              </value>
            </param>
          </params>
          <reporter-output>
          </reporter-output>
        </test-method> <!-- methodName -->
        <test-method status="FAIL" signature="GoogleSearchResult()[pri:0, instance:Bing_Test_Cases.TC1_Google_Search_Result@5383967b]" name="GoogleSearchResult" duration-ms="437" started-at="2018-05-21T03:25:12Z" finished-at="2018-05-21T03:25:12Z">
          <exception class="java.lang.NullPointerException">
            <full-stacktrace>
              <![CDATA[java.lang.NullPointerException
at com.google.common.base.Preconditions.checkNotNull(Preconditions.java:787)
at org.openqa.selenium.support.ui.FluentWait.<init>(FluentWait.java:96)
at org.openqa.selenium.support.ui.WebDriverWait.<init>(WebDriverWait.java:72)
at org.openqa.selenium.support.ui.WebDriverWait.<init>(WebDriverWait.java:46)
at PageObjectModal.Bing.Bing_Homepage.bingSearchField(Bing_Homepage.java:38)
at Bing_Test_Cases.TC1_Google_Search_Result.GoogleSearchResult(TC1_Google_Search_Result.java:18)
at sun.reflect.NativeMethodAccessorImpl.invoke0(Native Method)
at sun.reflect.NativeMethodAccessorImpl.invoke(NativeMethodAccessorImpl.java:62)
at sun.reflect.DelegatingMethodAccessorImpl.invoke(DelegatingMethodAccessorImpl.java:43)
at java.lang.reflect.Method.invoke(Method.java:498)
at org.testng.internal.MethodInvocationHelper.invokeMethod(MethodInvocationHelper.java:124)
at org.testng.internal.Invoker.invokeMethod(Invoker.java:583)
at org.testng.internal.Invoker.invokeTestMethod(Invoker.java:719)
at org.testng.internal.Invoker.invokeTestMethods(Invoker.java:989)
at org.testng.internal.TestMethodWorker.invokeTestMethods(TestMethodWorker.java:125)
at org.testng.internal.TestMethodWorker.run(TestMethodWorker.java:109)
at org.testng.TestRunner.privateRun(TestRunner.java:648)
at org.testng.TestRunner.run(TestRunner.java:505)
at org.testng.SuiteRunner.runTest(SuiteRunner.java:455)
at org.testng.SuiteRunner.runSequentially(SuiteRunner.java:450)
at org.testng.SuiteRunner.privateRun(SuiteRunner.java:415)
at org.testng.SuiteRunner.run(SuiteRunner.java:364)
at org.testng.SuiteRunnerWorker.runSuite(SuiteRunnerWorker.java:52)
at org.testng.SuiteRunnerWorker.run(SuiteRunnerWorker.java:84)
at org.testng.TestNG.runSuitesSequentially(TestNG.java:1208)
at org.testng.TestNG.runSuitesLocally(TestNG.java:1137)
at org.testng.TestNG.runSuites(TestNG.java:1049)
at org.testng.TestNG.run(TestNG.java:1017)
at org.testng.IDEARemoteTestNG.run(IDEARemoteTestNG.java:72)
at org.testng.RemoteTestNGStarter.main(RemoteTestNGStarter.java:127)
]]>
            </full-stacktrace>
          </exception> <!-- java.lang.NullPointerException -->
          <reporter-output>
          </reporter-output>
        </test-method> <!-- GoogleSearchResult -->
        <test-method status="PASS" signature="endTest()[pri:0, instance:Bing_Test_Cases.TC1_Google_Search_Result@5383967b]" name="endTest" is-config="true" duration-ms="3" started-at="2018-05-21T03:25:12Z" finished-at="2018-05-21T03:25:12Z">
          <reporter-output>
          </reporter-output>
        </test-method> <!-- endTest -->
        <test-method status="PASS" signature="endSuite()[pri:0, instance:Bing_Test_Cases.TC1_Google_Search_Result@5383967b]" name="endSuite" is-config="true" duration-ms="1443" started-at="2018-05-21T03:25:12Z" finished-at="2018-05-21T03:25:14Z">
          <reporter-output>
          </reporter-output>
        </test-method> <!-- endSuite -->
      </class> <!-- Bing_Test_Cases.TC1_Google_Search_Result -->
    </test> <!-- Chrome Test -->
  </suite> <!-- Automation Suite -->
</testng-results>
